SF:lib/core/error/failures.dart
DA:7,3
DA:12,1
DA:13,3
DA:18,1
DA:21,0
DA:26,2
DA:29,0
DA:34,2
DA:37,0
DA:42,1
DA:45,0
DA:50,2
DA:53,0
DA:58,1
DA:61,0
DA:66,3
DA:69,0
DA:74,1
DA:77,0
DA:82,1
DA:85,0
DA:90,1
DA:93,0
LF:23
LH:13
end_of_record
SF:lib/core/error/exceptions.dart
DA:6,2
DA:11,0
DA:12,0
DA:17,2
DA:20,0
DA:22,1
DA:23,2
DA:28,2
DA:31,0
DA:33,1
DA:34,2
DA:39,1
DA:42,0
DA:44,1
DA:45,2
DA:50,1
DA:53,0
DA:55,1
DA:56,2
DA:61,1
DA:64,0
DA:66,1
DA:67,2
DA:72,2
DA:75,0
DA:77,1
DA:78,2
DA:83,1
DA:86,0
DA:88,1
DA:89,2
DA:94,1
DA:97,0
DA:99,1
DA:100,2
DA:105,1
DA:108,0
DA:110,1
DA:111,2
LF:39
LH:28
end_of_record
SF:lib/features/auth/domain/entities/user.dart
DA:13,2
DA:24,2
DA:34,2
DA:35,2
DA:36,2
DA:37,0
DA:38,1
DA:39,2
DA:40,1
DA:41,0
DA:42,1
DA:46,2
DA:47,2
DA:48,2
DA:49,2
DA:50,2
DA:51,2
DA:52,4
DA:53,3
DA:54,2
DA:55,2
DA:59,2
DA:60,2
DA:61,2
DA:62,2
DA:63,2
DA:64,2
DA:65,4
DA:66,2
DA:67,2
DA:69,2
DA:70,2
DA:74,1
DA:75,1
DA:76,1
DA:77,1
DA:78,1
DA:79,1
DA:80,1
DA:81,1
DA:82,1
DA:83,1
DA:86,0
DA:88,0
LF:44
LH:40
end_of_record
SF:lib/features/auth/domain/usecases/sign_in_with_email_usecase.dart
DA:7,0
DA:9,0
DA:14,0
DA:15,0
DA:18,0
DA:19,0
DA:22,0
DA:23,0
DA:26,0
DA:27,0
DA:32,0
DA:33,0
LF:12
LH:0
end_of_record
SF:lib/features/auth/domain/usecases/sign_up_with_email_usecase.dart
DA:7,0
DA:9,0
DA:16,0
DA:17,0
DA:20,0
DA:21,0
DA:24,0
DA:25,0
DA:28,0
DA:29,0
DA:32,0
DA:33,0
DA:36,0
DA:37,0
DA:41,0
DA:43,0
DA:46,0
DA:47,0
DA:49,0
DA:53,0
DA:54,0
DA:57,0
DA:59,0
LF:23
LH:0
end_of_record
SF:lib/features/auth/domain/usecases/sign_out_usecase.dart
DA:6,0
DA:8,0
DA:9,0
LF:3
LH:0
end_of_record
SF:lib/features/notes/data/models/note_model.dart
DA:6,3
DA:22,3
DA:40,3
DA:41,3
DA:42,3
DA:43,3
DA:44,3
DA:45,3
DA:46,3
DA:47,3
DA:48,3
DA:49,3
DA:50,3
DA:51,3
DA:52,3
DA:53,3
DA:54,3
DA:55,3
DA:56,3
DA:60,0
DA:61,0
DA:62,0
DA:63,0
DA:64,0
DA:65,0
DA:66,0
DA:67,0
DA:69,0
DA:70,0
DA:71,0
DA:73,0
DA:74,0
DA:75,0
DA:76,0
DA:77,0
DA:78,0
DA:79,0
DA:80,0
DA:81,0
DA:82,0
DA:84,0
DA:88,0
DA:90,0
DA:91,0
DA:92,0
DA:93,0
DA:94,0
DA:95,0
DA:96,0
DA:97,0
DA:98,0
DA:99,0
DA:100,0
DA:101,0
DA:102,0
DA:103,0
DA:104,0
DA:105,0
DA:109,3
DA:110,3
DA:111,3
DA:112,3
DA:113,3
DA:114,6
DA:115,6
DA:116,3
DA:117,3
DA:118,3
DA:119,3
DA:120,3
DA:121,3
DA:122,6
DA:123,6
DA:124,3
DA:125,3
DA:129,3
DA:130,3
DA:131,3
DA:132,3
DA:133,3
DA:134,3
DA:135,12
DA:136,0
DA:138,3
DA:139,12
DA:140,0
DA:142,6
DA:143,6
DA:144,3
DA:145,3
DA:146,6
DA:147,3
DA:148,6
DA:149,6
DA:150,3
DA:151,0
DA:153,3
LF:97
LH:55
end_of_record
SF:lib/features/notes/domain/entities/note.dart
DA:36,3
DA:54,1
DA:71,1
DA:72,1
DA:73,0
DA:74,1
DA:75,1
DA:76,0
DA:77,1
DA:78,1
DA:79,1
DA:80,1
DA:81,1
DA:82,1
DA:83,1
DA:84,0
DA:85,1
DA:86,1
DA:90,3
DA:91,3
DA:92,3
DA:93,3
DA:94,3
DA:95,6
DA:96,6
DA:97,3
DA:98,3
DA:99,3
DA:100,3
DA:101,3
DA:102,3
DA:103,6
DA:104,6
DA:105,3
DA:106,3
DA:110,3
DA:111,3
DA:112,3
DA:113,3
DA:114,3
DA:115,3
DA:116,12
DA:117,0
DA:119,3
DA:120,12
DA:121,0
DA:123,6
DA:124,6
DA:125,3
DA:126,3
DA:127,6
DA:128,3
DA:129,6
DA:130,6
DA:131,3
DA:132,0
DA:134,3
DA:138,3
DA:139,3
DA:140,3
DA:141,3
DA:142,3
DA:143,3
DA:144,3
DA:145,3
DA:146,3
DA:147,3
DA:148,3
DA:149,3
DA:150,3
DA:151,3
DA:152,3
DA:153,3
DA:154,3
LF:74
LH:68
end_of_record
SF:lib/features/notes/domain/usecases/get_notes.dart
DA:10,1
DA:12,1
DA:21,2
LF:3
LH:3
end_of_record
SF:lib/features/notes/domain/usecases/get_note_by_id.dart
DA:10,1
DA:12,0
DA:13,0
LF:3
LH:1
end_of_record
SF:lib/features/notes/domain/usecases/create_note.dart
DA:10,1
DA:12,1
DA:13,2
LF:3
LH:3
end_of_record
SF:lib/features/notes/domain/usecases/update_note.dart
DA:10,1
DA:12,0
DA:13,0
LF:3
LH:1
end_of_record
SF:lib/features/notes/domain/usecases/delete_note.dart
DA:9,1
DA:11,0
DA:12,0
LF:3
LH:1
end_of_record
SF:lib/features/notes/domain/usecases/search_notes.dart
DA:10,1
DA:12,1
DA:20,2
LF:3
LH:3
end_of_record
